Added Component: Designator=U1(SOT229P700X180-4N)
Add component (AddParameter): Name = "Check_prices"; Value = "https://www.snapeda.com/parts/AMS1117-3.3/Advanced+Monolithic+Systems/view-part/?ref=eda"; VariantName = "[No Variations]"
Add component (AddParameter): Name = "MF"; Value = "Advanced Monolithic Systems"; VariantName = "[No Variations]"
Add component (AddParameter): Name = "MP"; Value = "AMS1117-3.3"; VariantName = "[No Variations]"
Add component (AddParameter): Name = "Package"; Value = "SOT-223 Seeed Technology"; VariantName = "[No Variations]"
Add component (AddParameter): Name = "SnapEDA_Link"; Value = "https://www.snapeda.com/parts/AMS1117-3.3/Advanced+Monolithic+Systems/view-part/?ref=snap"; VariantName = "[No Variations]"
Add component (AddParameter): Name = "Value"; Value = ""; VariantName = "[No Variations]"
Added Component: Designator=U2(QFP50P900X900X160-48N)
Add component (AddParameter): Name = "Check_prices"; Value = "https://www.snapeda.com/parts/STM32F072C8T6/STMicroelectronics/view-part/?ref=eda"; VariantName = "[No Variations]"
Add component (AddParameter): Name = "MF"; Value = "STMicroelectronics"; VariantName = "[No Variations]"
Add component (AddParameter): Name = "MP"; Value = "STM32F072C8T6"; VariantName = "[No Variations]"
Add component (AddParameter): Name = "Package"; Value = "LQFP-48 STMicroelectronics"; VariantName = "[No Variations]"
Add component (AddParameter): Name = "SnapEDA_Link"; Value = "https://www.snapeda.com/parts/STM32F072C8T6/STMicroelectronics/view-part/?ref=snap"; VariantName = "[No Variations]"
Add component (AddParameter): Name = "Value"; Value = ""; VariantName = "[No Variations]"
Added Component: Designator=U3(LORA-E32)
Added Pin To Net: NetName=GND Pin=U1-1
Added Pin To Net: NetName=+3V3 Pin=U1-2
Added Pin To Net: NetName=+5V Pin=U1-3
Added Pin To Net: NetName=+3V3 Pin=U2-1
Added Pin To Net: NetName=RST Pin=U2-7
Added Pin To Net: NetName=GND Pin=U2-8
Added Pin To Net: NetName=+3V3 Pin=U2-9
Added Pin To Net: NetName=Ýzo_1 Pin=U2-10
Added Pin To Net: NetName=Ýzo_2 Pin=U2-11
Added Pin To Net: NetName=Lora_Rx Pin=U2-12
Added Pin To Net: NetName=Lora_Tx Pin=U2-13
Added Pin To Net: NetName=CS Pin=U2-14
Added Pin To Net: NetName=SCK Pin=U2-15
Added Pin To Net: NetName=MISO Pin=U2-16
Added Pin To Net: NetName=MOSI Pin=U2-17
Added Pin To Net: NetName=PB0 Pin=U2-18
Added Pin To Net: NetName=M1 Pin=U2-19
Added Pin To Net: NetName=PB2 Pin=U2-20
Added Pin To Net: NetName=GND Pin=U2-23
Added Pin To Net: NetName=+3V3 Pin=U2-24
Added Pin To Net: NetName=Nex_Rx Pin=U2-30
Added Pin To Net: NetName=Nex_Tx Pin=U2-31
Added Pin To Net: NetName=SWDIO Pin=U2-34
Added Pin To Net: NetName=GND Pin=U2-35
Added Pin To Net: NetName=+3V3 Pin=U2-36
Added Pin To Net: NetName=SWCLK Pin=U2-37
Added Pin To Net: NetName=M0 Pin=U2-39
Added Pin To Net: NetName=PB5 Pin=U2-41
Added Pin To Net: NetName=PB6 Pin=U2-42
Added Pin To Net: NetName=PB7 Pin=U2-43
Added Pin To Net: NetName=NetS1_1 Pin=U2-44
Added Pin To Net: NetName=PB8 Pin=U2-45
Added Pin To Net: NetName=GND Pin=U2-47
Added Pin To Net: NetName=+3V3 Pin=U2-48
Added Pin To Net: NetName=GND Pin=U3-1
Added Pin To Net: NetName=+3V3 Pin=U3-2
Added Pin To Net: NetName=Lora_Tx Pin=U3-4
Added Pin To Net: NetName=Lora_Rx Pin=U3-5
Added Pin To Net: NetName=M1 Pin=U3-6
Added Pin To Net: NetName=M0 Pin=U3-7
Added Member To Class: ClassName=26_AKS Member=Component U1 AMS1117-3.3
Added Member To Class: ClassName=26_AKS Member=Component U2 STM32F072C8T6
Added Member To Class: ClassName=26_AKS Member=Component U3 E32-433T20D
