Removed Pin From Net: NetName=PB0 Pin=J1-1
Removed Pin From Net: NetName=PB2 Pin=J1-2
Removed Pin From Net: NetName=Nex_Rx Pin=J2-1
Removed Pin From Net: NetName=Nex_Tx Pin=J2-2
Removed Pin From Net: NetName=Ýzo_1 Pin=J3-1
Removed Pin From Net: NetName=Ýzo_2 Pin=J3-2
Removed Pin From Net: NetName=PB5 Pin=J4-1
Removed Pin From Net: NetName=PB6 Pin=J4-2
Removed Pin From Net: NetName=PB7 Pin=J5-1
Removed Pin From Net: NetName=PB8 Pin=J5-2
Removed Pin From Net: NetName=+5V Pin=J6-1
Removed Pin From Net: NetName=GND Pin=J6-2
Removed Pin From Net: NetName=+3V3 Pin=J7-1
Removed Pin From Net: NetName=GND Pin=J7-2
Removed Member From Class: ClassName=26_AKS Member=J1
Removed Member From Class: ClassName=26_AKS Member=J2
Removed Member From Class: ClassName=26_AKS Member=J3
Removed Member From Class: ClassName=26_AKS Member=J4
Removed Member From Class: ClassName=26_AKS Member=J5
Removed Member From Class: ClassName=26_AKS Member=J6
Removed Member From Class: ClassName=26_AKS Member=J7
Added Component: Designator=P1(Pad)
Added Component: Designator=P2(Pad)
Added Component: Designator=P3(Pad)
Added Component: Designator=P4(Pad)
Added Component: Designator=P5(Pad)
Added Component: Designator=P6(Pad)
Added Component: Designator=P7(Pad)
Added Component: Designator=P8(Pad)
Added Component: Designator=P9(Pad)
Added Component: Designator=P10(Pad)
Added Component: Designator=P11(Pad)
Added Component: Designator=P12(Pad)
Added Component: Designator=P13(Pad)
Added Pin To Net: NetName=PB0 Pin=P1-1
Added Pin To Net: NetName=PB2 Pin=P2-1
Added Pin To Net: NetName=Nex_Rx Pin=P3-1
Added Pin To Net: NetName=Nex_Tx Pin=P4-1
Added Pin To Net: NetName=Ýzo_1 Pin=P5-1
Added Pin To Net: NetName=Ýzo_2 Pin=P6-1
Added Pin To Net: NetName=PB5 Pin=P7-1
Added Pin To Net: NetName=PB6 Pin=P8-1
Added Pin To Net: NetName=PB7 Pin=P9-1
Added Pin To Net: NetName=PB8 Pin=P10-1
Added Pin To Net: NetName=+5V Pin=P11-1
Added Pin To Net: NetName=GND Pin=P12-1
Added Pin To Net: NetName=+3V3 Pin=P13-1
Added Member To Class: ClassName=26_AKS Member=Component P1 Pad
Added Member To Class: ClassName=26_AKS Member=Component P2 Pad
Added Member To Class: ClassName=26_AKS Member=Component P3 Pad
Added Member To Class: ClassName=26_AKS Member=Component P4 Pad
Added Member To Class: ClassName=26_AKS Member=Component P5 Pad
Added Member To Class: ClassName=26_AKS Member=Component P6 Pad
Added Member To Class: ClassName=26_AKS Member=Component P7 Pad
Added Member To Class: ClassName=26_AKS Member=Component P8 Pad
Added Member To Class: ClassName=26_AKS Member=Component P9 Pad
Added Member To Class: ClassName=26_AKS Member=Component P10 Pad
Added Member To Class: ClassName=26_AKS Member=Component P11 Pad
Added Member To Class: ClassName=26_AKS Member=Component P12 Pad
Added Member To Class: ClassName=26_AKS Member=Component P13 Pad
