Remove Pin=J2-1 From Net=Nex_Rx
Remove Pin=J2-2 From Net=Nex_Tx
Remove Pin=J4-1 From Net=Ýzo_1
Remove Pin=J4-2 From Net=Ýzo_2
Remove Pin=J7-1 From Net=PB5
Remove Pin=J7-2 From Net=PB6
Remove Pin=J8-1 From Net=+5V
Remove Pin=J10-1 From Net=+3V3
Remove Pin=J11-1 From Net=PB7
Remove Pin=J11-2 From Net=PB8
Remove Pin=J?-1 From Net=PB0
Remove Pin=J?-2 From Net=CS
Remove Pin=J?-2 From Net=PB2
Remove Pin=J?-3 From Net=MOSI
Remove Pin=J?-5 From Net=SCK
Remove Pin=J?-7 From Net=MISO
Remove Pin=P1-1 From Net=SWDIO
Remove Pin=P2-1 From Net=SWCLK
Remove Pin=P3-1 From Net=RST
Remove Pin=R2-2 From Net=+3V3
Remove Pin=U1-10 From Net=Ýzo_1
Remove Pin=U1-11 From Net=Ýzo_2
Remove Pin=U1-12 From Net=Lora_Rx
Remove Pin=U1-13 From Net=Lora_Tx
Remove Pin=U1-14 From Net=CS
Remove Pin=U1-15 From Net=SCK
Remove Pin=U1-16 From Net=MISO
Remove Pin=U1-17 From Net=MOSI
Remove Pin=U1-18 From Net=PB0
Remove Pin=U1-19 From Net=M1
Remove Pin=U1-20 From Net=PB2
Remove Pin=U1-30 From Net=Nex_Rx
Remove Pin=U1-31 From Net=Nex_Tx
Remove Pin=U1-34 From Net=SWDIO
Remove Pin=U1-37 From Net=SWCLK
Remove Pin=U1-39 From Net=M0
Remove Pin=U1-41 From Net=PB5
Remove Pin=U1-42 From Net=PB6
Remove Pin=U1-43 From Net=PB7
Remove Pin=U1-45 From Net=PB8
Remove Pin=U?-2 From Net=+3V3
Remove Pin=U?-4 From Net=Lora_Tx
Remove Pin=U?-5 From Net=Lora_Rx
Remove Pin=U?-6 From Net=M1
Remove Pin=U?-7 From Net=M0
